<truncated>
time="2020-11-22T21:43:40+02:00" level=debug msg="module.network.google_compute_network.cluster_network[0]: Creation complete after 17s [id=projects/lab-openshift-296418/global/networks/os-lab-l4pb2-network]"
time="2020-11-22T21:43:40+02:00" level=debug msg="module.network.google_compute_firewall.api: Creating..."
time="2020-11-22T21:43:40+02:00" level=debug msg="module.network.google_compute_firewall.control_plane: Creating..."
time="2020-11-22T21:43:40+02:00" level=debug msg="module.network.google_compute_firewall.internal_cluster: Creating..."
time="2020-11-22T21:43:40+02:00" level=debug msg="module.network.google_compute_router.router[0]: Creating..."
time="2020-11-22T21:43:40+02:00" level=debug msg="module.bootstrap.google_compute_firewall.bootstrap_ingress_ssh: Creating..."
time="2020-11-22T21:43:40+02:00" level=debug msg="module.network.google_compute_subnetwork.master_subnet[0]: Creating..."
time="2020-11-22T21:43:40+02:00" level=debug msg="module.network.google_compute_firewall.internal_network: Creating..."
time="2020-11-22T21:43:40+02:00" level=debug msg="module.network.google_compute_firewall.etcd: Creating..."
time="2020-11-22T21:43:40+02:00" level=debug msg="module.network.google_compute_subnetwork.worker_subnet[0]: Creating..."
time="2020-11-22T21:43:40+02:00" level=debug msg="module.network.google_compute_firewall.health_checks: Creating..."
time="2020-11-22T21:43:44+02:00" level=debug msg="module.network.google_compute_router.router[0]: Creation complete after 4s [id=projects/lab-openshift-296418/regions/us-central1/routers/os-lab-l4pb2-router]"
time="2020-11-22T21:43:48+02:00" level=debug msg="module.network.google_compute_firewall.etcd: Creation complete after 8s [id=projects/lab-openshift-296418/global/firewalls/os-lab-l4pb2-etcd]"
time="2020-11-22T21:43:50+02:00" level=debug msg="module.network.google_compute_firewall.control_plane: Still creating... [10s elapsed]"
time="2020-11-22T21:43:50+02:00" level=debug msg="module.bootstrap.google_compute_firewall.bootstrap_ingress_ssh: Still creating... [10s elapsed]"
time="2020-11-22T21:43:50+02:00" level=debug msg="module.network.google_compute_firewall.api: Still creating... [10s elapsed]"
time="2020-11-22T21:43:50+02:00" level=debug msg="module.network.google_compute_firewall.internal_network: Still creating... [10s elapsed]"
time="2020-11-22T21:43:50+02:00" level=debug msg="module.network.google_compute_subnetwork.master_subnet[0]: Still creating... [10s elapsed]"
time="2020-11-22T21:43:50+02:00" level=debug msg="module.network.google_compute_firewall.health_checks: Still creating... [10s elapsed]"
time="2020-11-22T21:43:50+02:00" level=debug msg="module.network.google_compute_firewall.internal_cluster: Still creating... [10s elapsed]"
time="2020-11-22T21:43:50+02:00" level=debug msg="module.network.google_compute_subnetwork.worker_subnet[0]: Still creating... [10s elapsed]"
time="2020-11-22T21:43:57+02:00" level=debug msg="module.network.google_compute_firewall.health_checks: Creation complete after 16s [id=projects/lab-openshift-296418/global/firewalls/os-lab-l4pb2-health-checks]"
time="2020-11-22T21:43:57+02:00" level=debug msg="module.network.google_compute_firewall.internal_network: Creation complete after 16s [id=projects/lab-openshift-296418/global/firewalls/os-lab-l4pb2-internal-network]"
time="2020-11-22T21:43:57+02:00" level=debug msg="module.network.google_compute_firewall.internal_cluster: Creation complete after 16s [id=projects/lab-openshift-296418/global/firewalls/os-lab-l4pb2-internal-cluster]"
time="2020-11-22T21:43:57+02:00" level=debug msg="module.bootstrap.google_compute_firewall.bootstrap_ingress_ssh: Creation complete after 16s [id=projects/lab-openshift-296418/global/firewalls/os-lab-l4pb2-bootstrap-in-ssh]"
time="2020-11-22T21:43:57+02:00" level=debug msg="module.network.google_compute_firewall.api: Creation complete after 16s [id=projects/lab-openshift-296418/global/firewalls/os-lab-l4pb2-api]"
time="2020-11-22T21:43:57+02:00" level=debug msg="module.network.google_compute_firewall.control_plane: Creation complete after 16s [id=projects/lab-openshift-296418/global/firewalls/os-lab-l4pb2-control-plane]"
time="2020-11-22T21:43:59+02:00" level=debug msg="module.network.google_compute_subnetwork.master_subnet[0]: Creation complete after 18s [id=projects/lab-openshift-296418/regions/us-central1/subnetworks/os-lab-l4pb2-master-subnet]"
time="2020-11-22T21:43:59+02:00" level=debug msg="module.network.google_compute_address.cluster_ip: Creating..."
time="2020-11-22T21:43:59+02:00" level=debug msg="module.bootstrap.google_compute_address.bootstrap: Creating..."
time="2020-11-22T21:43:59+02:00" level=debug msg="module.network.google_compute_router_nat.master_nat[0]: Creating..."
time="2020-11-22T21:43:59+02:00" level=debug msg="module.network.google_compute_subnetwork.worker_subnet[0]: Creation complete after 19s [id=projects/lab-openshift-296418/regions/us-central1/subnetworks/os-lab-l4pb2-worker-subnet]"
time="2020-11-22T21:43:59+02:00" level=debug msg="module.network.google_compute_router_nat.worker_nat[0]: Creating..."
time="2020-11-22T21:44:03+02:00" level=debug msg="module.network.google_compute_address.cluster_ip: Creation complete after 4s [id=projects/lab-openshift-296418/regions/us-central1/addresses/os-lab-l4pb2-cluster-ip]"
time="2020-11-22T21:44:03+02:00" level=debug msg="module.bootstrap.google_compute_address.bootstrap: Creation complete after 4s [id=projects/lab-openshift-296418/regions/us-central1/addresses/os-lab-l4pb2-bootstrap-ip]"
time="2020-11-22T21:44:09+02:00" level=debug msg="module.network.google_compute_router_nat.master_nat[0]: Still creating... [10s elapsed]"
time="2020-11-22T21:44:09+02:00" level=debug msg="module.network.google_compute_router_nat.worker_nat[0]: Still creating... [10s elapsed]"
time="2020-11-22T21:44:16+02:00" level=debug msg="module.network.google_compute_router_nat.master_nat[0]: Creation complete after 18s [id=lab-openshift-296418/us-central1/os-lab-l4pb2-router/os-lab-l4pb2-nat-master]"
time="2020-11-22T21:44:19+02:00" level=debug msg="module.network.google_compute_router_nat.worker_nat[0]: Still creating... [20s elapsed]"
time="2020-11-22T21:44:25+02:00" level=debug msg="module.network.google_compute_router_nat.worker_nat[0]: Creation complete after 25s [id=lab-openshift-296418/us-central1/os-lab-l4pb2-router/os-lab-l4pb2-nat-worker]"
time="2020-11-22T21:44:25+02:00" level=error
time="2020-11-22T21:44:25+02:00" level=error msg="Error: Error waiting to create Image: Error waiting for Creating Image: The resource 'https://storage.googleapis.com/fedora-coreos-cloud-image-uploads/image-import/fedora-coreos-32-20200629-3-0-gcp-x86-64.tar.gz' of type 'Google Cloud Storage object' was not found."
time="2020-11-22T21:44:25+02:00" level=error
time="2020-11-22T21:44:25+02:00" level=error
time="2020-11-22T21:44:25+02:00" level=error msg="  on ../../../../../tmp/openshift-install-184247086/main.tf line 93, in resource \"google_compute_image\" \"cluster\":"
time="2020-11-22T21:44:25+02:00" level=error msg="  93: resource \"google_compute_image\" \"cluster\" {"
time="2020-11-22T21:44:25+02:00" level=error
time="2020-11-22T21:44:25+02:00" level=error
time="2020-11-22T21:44:25+02:00" level=fatal msg="failed to fetch Cluster: failed to generate asset \"Cluster\": failed to create cluster: failed to apply Terraform: failed to complete the change"
